#
# A fatal error has been detected by the Java Runtime Environment:
#
#  SIGSEGV (0xb) at pc=0x00007f49042ea638, pid=5671, tid=5695
#
# JRE version: Java(TM) SE Runtime Environment (9.0+11) (build 9.0.4+11)
# Java VM: Java HotSpot(TM) 64-Bit Server VM (9.0.4+11, mixed mode, tiered, compressed oops, serial gc, linux-amd64)
# Problematic frame:
# C  [libopencv_core.so.3.2+0x6f638]
#
# Core dump will be written. Default location: Core dumps may be processed with "/usr/share/apport/apport %p %s %c %d %P" (or dumping to /home/sherman/win-dev-share/projects/ml/ml-tools/game-bots/core.5671)
#
# If you would like to submit a bug report, please visit:
#   http://bugreport.java.com/bugreport/crash.jsp
# The crash happened outside the Java Virtual Machine in native code.
# See problematic frame for where to report the bug.
#

---------------  S U M M A R Y ------------

Command Line: -Dclassworlds.conf=/home/sherman/win-dev-share/maven/bin/m2.conf -Dmaven.home=/home/sherman/win-dev-share/maven -Dlibrary.jansi.path=/home/sherman/win-dev-share/maven/lib/jansi-native -Dmaven.multiModuleProjectDirectory=/home/sherman/win-dev-share/projects/ml/ml-tools org.codehaus.plexus.classworlds.launcher.Launcher exec:java

Host: Intel(R) Core(TM) i7-4790K CPU @ 4.00GHz, 1 cores, 1G, Ubuntu 16.04.4 LTS
Time: Sun Mar 25 13:06:35 2018 CEST elapsed time: 22 seconds (0d 0h 0m 22s)

---------------  T H R E A D  ---------------

Current thread (0x00007f4954741000):  JavaThread "com.mfuhrmann.ml.tools.opencv.bot.snake.qlearning.conv.SnakeBotConv.main()" [_thread_in_native, id=5695, stack(0x00007f4929ddf000,0x00007f4929ee0000)]

Stack: [0x00007f4929ddf000,0x00007f4929ee0000],  sp=0x00007f4929eddcb0,  free space=1019k
Native frames: (J=compiled Java code, A=aot compiled Java code, j=interpreted, Vv=VM code, C=native code)
C  [libopencv_core.so.3.2+0x6f638]

Java frames: (J=compiled Java code, j=interpreted, Vv=VM code)
j  org.bytedeco.javacpp.opencv_core$Mat.convertTo(Lorg/bytedeco/javacpp/opencv_core$Mat;I)V+0
j  org.deeplearning4j.rl4j.learning.HistoryProcessor.transform(Lorg/nd4j/linalg/api/ndarray/INDArray;)Lorg/nd4j/linalg/api/ndarray/INDArray;+62
j  org.deeplearning4j.rl4j.learning.HistoryProcessor.add(Lorg/nd4j/linalg/api/ndarray/INDArray;)V+2
j  org.deeplearning4j.rl4j.learning.sync.qlearning.discrete.QLearningDiscrete.trainStep(Lorg/deeplearning4j/rl4j/space/Encodable;)Lorg/deeplearning4j/rl4j/learning/sync/qlearning/QLearning$QLStepReturn;+362
j  org.deeplearning4j.rl4j.learning.sync.qlearning.QLearning.trainEpoch()Lorg/deeplearning4j/rl4j/util/DataManager$StatEntry;+92
j  org.deeplearning4j.rl4j.learning.sync.SyncLearning.train()V+39
j  com.mfuhrmann.ml.tools.opencv.bot.snake.qlearning.conv.SnakeBotConv.qlearning()V+101
j  com.mfuhrmann.ml.tools.opencv.bot.snake.qlearning.conv.SnakeBotConv.main([Ljava/lang/String;)V+0
v  ~StubRoutines::call_stub
J 2995  jdk.internal.reflect.NativeMethodAccessorImpl.invoke0(Ljava/lang/reflect/Method;Ljava/lang/Object;[Ljava/lang/Object;)Ljava/lang/Object; java.base@9.0.4 (0 bytes) @ 0x00007f4940eff0b7 [0x00007f4940eff040+0x0000000000000077]
J 2994 c1 jdk.internal.reflect.NativeMethodAccessorImpl.invoke(Ljava/lang/Object;[Ljava/lang/Object;)Ljava/lang/Object; java.base@9.0.4 (104 bytes) @ 0x00007f4939ea300a [0x00007f4939ea2ca0+0x000000000000036a]
J 3161 c1 jdk.internal.reflect.DelegatingMethodAccessorImpl.invoke(Ljava/lang/Object;[Ljava/lang/Object;)Ljava/lang/Object; java.base@9.0.4 (10 bytes) @ 0x00007f4940f16e7e [0x00007f4940f16e40+0x000000000000003e]
j  java.lang.reflect.Method.invoke(Ljava/lang/Object;[Ljava/lang/Object;)Ljava/lang/Object;+59 java.base@9.0.4
j  org.codehaus.mojo.exec.ExecJavaMojo$1.run()V+93
j  java.lang.Thread.run()V+11 java.base@9.0.4
v  ~StubRoutines::call_stub

siginfo: si_signo: 11 (SIGSEGV), si_code: 2 (SEGV_ACCERR), si_addr: 0x00007f491ffbb000

Register to memory mapping:

RAX=0x0000000000000cb0 is an unknown value
RBX=0x0000000000000001 is an unknown value
RCX=0x0000000000000000 is an unknown value
RDX=0x00007f491e102abc is an unknown value
RSP=0x00007f4929eddcb0 is pointing into the stack for thread: 0x00007f4954741000
RBP=0x00000000000004b0 is an unknown value
RSI=0x0000000000000000 is an unknown value
RDI=0x00007f491ffba350 is an unknown value
R8 =0x00007f491e102790 is an unknown value
R9 =0x000000000000003c is an unknown value
R10=0x00000000000004b0 is an unknown value
R11=0x00000000000012c0 is an unknown value
R12=0x00000000000000f0 is an unknown value
R13=0x0000000000000000 is an unknown value
R14=0x0000000000000000 is an unknown value
R15=0x0000000000000005 is an unknown value


Registers:
RAX=0x0000000000000cb0, RBX=0x0000000000000001, RCX=0x0000000000000000, RDX=0x00007f491e102abc
RSP=0x00007f4929eddcb0, RBP=0x00000000000004b0, RSI=0x0000000000000000, RDI=0x00007f491ffba350
R8 =0x00007f491e102790, R9 =0x000000000000003c, R10=0x00000000000004b0, R11=0x00000000000012c0
R12=0x00000000000000f0, R13=0x0000000000000000, R14=0x0000000000000000, R15=0x0000000000000005
RIP=0x00007f49042ea638, EFLAGS=0x0000000000010287, CSGSFS=0x002b000000000033, ERR=0x0000000000000004
  TRAPNO=0x000000000000000e

Top of Stack: (sp=0x00007f4929eddcb0)
0x00007f4929eddcb0:   0000000000000014 00007f4929eddef0
0x00007f4929eddcc0:   0000000000000010 0000000000000003
0x00007f4929eddcd0:   00007f49042ea5e0 00007f49042f16f8
0x00007f4929eddce0:   00007f4929edde80 00007f4929edde60 

Instructions: (pc=0x00007f49042ea638)
0x00007f49042ea618:   01 49 c1 e3 04 0f 1f 00 31 c9 31 c0 41 83 fa 03
0x00007f49042ea628:   4c 89 c2 0f 8e a4 00 00 00 0f 1f 80 00 00 00 00
0x00007f49042ea638:   f3 0f 10 04 07 f3 0f 2d c8 81 f9 ff 00 00 00 41
0x00007f49042ea648:   89 ce 76 0a 85 c9 41 0f 9e c6 41 83 ee 01 f3 0f 


---------------  P R O C E S S  ---------------

Java Threads: ( => current thread )
  0x00007f491c913000 JavaThread "Thread-1" [_thread_in_native, id=5707, stack(0x00007f490929b000,0x00007f490939c000)]
  0x00007f491d543800 JavaThread "NativeRandomDeallocator thread 0" daemon [_thread_blocked, id=5706, stack(0x00007f490979c000,0x00007f490989d000)]
  0x00007f491d756000 JavaThread "JavaCPP Deallocator" daemon [_thread_blocked, id=5705, stack(0x00007f4912ffb000,0x00007f49130fc000)]
  0x00007f491d749800 JavaThread "Workspace deallocator thread" daemon [_thread_blocked, id=5704, stack(0x00007f49130fc000,0x00007f49131fd000)]
  0x00007f491d3c1800 JavaThread "AWT-EventQueue-0" [_thread_blocked, id=5702, stack(0x00007f49133fd000,0x00007f49134fe000)]
  0x00007f491d605000 JavaThread "AWT-Shutdown" [_thread_blocked, id=5701, stack(0x00007f49134fe000,0x00007f49135ff000)]
  0x00007f491d501800 JavaThread "AWT-XAWT" daemon [_thread_in_native, id=5700, stack(0x00007f4918228000,0x00007f4918329000)]
  0x00007f491d458800 JavaThread "Java2D Disposer" daemon [_thread_blocked, id=5699, stack(0x00007f4918dc2000,0x00007f4918ec3000)]
=>0x00007f4954741000 JavaThread "com.mfuhrmann.ml.tools.opencv.bot.snake.qlearning.conv.SnakeBotConv.main()" [_thread_in_native, id=5695, stack(0x00007f4929ddf000,0x00007f4929ee0000)]
  0x00007f495415b000 JavaThread "Service Thread" daemon [_thread_blocked, id=5693, stack(0x00007f492afe7000,0x00007f492b0e8000)]
  0x00007f49540cb000 JavaThread "Common-Cleaner" daemon [_thread_blocked, id=5692, stack(0x00007f4938032000,0x00007f4938133000)]
  0x00007f49540be800 JavaThread "Sweeper thread" daemon [_thread_blocked, id=5691, stack(0x00007f4938133000,0x00007f4938234000)]
  0x00007f49540bc800 JavaThread "C1 CompilerThread1" daemon [_thread_blocked, id=5690, stack(0x00007f4938234000,0x00007f4938335000)]
  0x00007f49540ba800 JavaThread "C2 CompilerThread0" daemon [_thread_blocked, id=5689, stack(0x00007f4938335000,0x00007f4938436000)]
  0x00007f49540b8800 JavaThread "Signal Dispatcher" daemon [_thread_blocked, id=5688, stack(0x00007f4938436000,0x00007f4938537000)]
  0x00007f495409c800 JavaThread "Finalizer" daemon [_thread_blocked, id=5687, stack(0x00007f4938537000,0x00007f4938638000)]
  0x00007f4954094800 JavaThread "Reference Handler" daemon [_thread_blocked, id=5686, stack(0x00007f4938638000,0x00007f4938739000)]
  0x00007f4954012000 JavaThread "main" [_thread_blocked, id=5684, stack(0x00007f495af3b000,0x00007f495b03b000)]

Other Threads:
  0x00007f495408a800 VMThread "VM Thread" [stack: 0x00007f493873a000,0x00007f493883a000] [id=5685]
  0x00007f495415e000 WatcherThread [stack: 0x00007f492aee7000,0x00007f492afe7000] [id=5694]

Threads with active compile tasks:

VM state:not at safepoint (normal execution)

VM Mutex/Monitor currently owned by a thread: None

Heap address: 0x00000000e0c00000, size: 500 MB, Compressed Oops mode: 32-bit
Narrow klass base: 0x0000000000000000, Narrow klass shift: 3
Compressed class space size: 1073741824 Address: 0x0000000100000000

Heap:
 def new generation   total 25728K, used 14837K [0x00000000e0c00000, 0x00000000e27e0000, 0x00000000eb2a0000)
  eden space 22912K,  60% used [0x00000000e0c00000, 0x00000000e1971988, 0x00000000e2260000)
  from space 2816K,  38% used [0x00000000e2520000, 0x00000000e262bab0, 0x00000000e27e0000)
  to   space 2816K,   0% used [0x00000000e2260000, 0x00000000e2260000, 0x00000000e2520000)
 tenured generation   total 56944K, used 49194K [0x00000000eb2a0000, 0x00000000eea3c000, 0x0000000100000000)
   the space 56944K,  86% used [0x00000000eb2a0000, 0x00000000ee2aaa20, 0x00000000ee2aac00, 0x00000000eea3c000)
 Metaspace       used 50985K, capacity 52600K, committed 52864K, reserved 1097728K
  class space    used 5027K, capacity 5389K, committed 5504K, reserved 1048576K

Card table byte_map: [0x00007f493910b000,0x00007f4939206000] byte_map_base: 0x00007f4938a05000

Polling page: 0x00007f495b058000

CodeHeap 'non-profiled nmethods': size=120036Kb used=3991Kb max_used=3991Kb free=116045Kb
 bounds [0x00007f4940db8000, 0x00007f49411a8000, 0x00007f49482f1000]
CodeHeap 'profiled nmethods': size=120032Kb used=15280Kb max_used=15280Kb free=104751Kb
 bounds [0x00007f4939880000, 0x00007f493a770000, 0x00007f4940db8000]
CodeHeap 'non-nmethods': size=5692Kb used=1862Kb max_used=1906Kb free=3829Kb
 bounds [0x00007f49392f1000, 0x00007f4939561000, 0x00007f4939880000]
 total_blobs=9457 nmethods=6525 adapters=1249
 compilation: enabled

Compilation events (10 events):
Event: 22,305 Thread 0x00007f49540bc800 6550       3       org.nd4j.linalg.factory.Nd4j::argMax (18 bytes)
Event: 22,306 Thread 0x00007f49540bc800 nmethod 6550 0x00007f493a768c10 code [0x00007f493a768e40, 0x00007f493a769570]
Event: 22,306 Thread 0x00007f49540bc800 6551       3       org.nd4j.linalg.api.ops.impl.indexaccum.IMax::<init> (6 bytes)
Event: 22,306 Thread 0x00007f49540bc800 nmethod 6551 0x00007f493a769890 code [0x00007f493a769ac0, 0x00007f493a76a250]
Event: 22,306 Thread 0x00007f49540bc800 6552       3       org.nd4j.linalg.api.ops.BaseIndexAccumulation::<init> (14 bytes)
Event: 22,306 Thread 0x00007f49540bc800 nmethod 6552 0x00007f493a76a510 code [0x00007f493a76a720, 0x00007f493a76ae50]
Event: 22,308 Thread 0x00007f49540bc800 6553       3       org.nd4j.linalg.api.ops.BaseIndexAccumulation::<init> (14 bytes)
Event: 22,309 Thread 0x00007f49540bc800 nmethod 6553 0x00007f493a76b110 code [0x00007f493a76b300, 0x00007f493a76b860]
Event: 22,309 Thread 0x00007f49540bc800 6554       3       org.nd4j.linalg.api.ops.BaseIndexAccumulation::init (26 bytes)
Event: 22,309 Thread 0x00007f49540bc800 nmethod 6554 0x00007f493a76ba90 code [0x00007f493a76bc60, 0x00007f493a76bfd0]

GC Heap History (10 events):
Event: 21,241 GC heap before
{Heap before GC invocations=92 (full 3):
 def new generation   total 25728K, used 23992K [0x00000000e0c00000, 0x00000000e27e0000, 0x00000000eb2a0000)
  eden space 22912K, 100% used [0x00000000e0c00000, 0x00000000e2260000, 0x00000000e2260000)
  from space 2816K,  38% used [0x00000000e2260000, 0x00000000e236e2d8, 0x00000000e2520000)
  to   space 2816K,   0% used [0x00000000e2520000, 0x00000000e2520000, 0x00000000e27e0000)
 tenured generation   total 56944K, used 49194K [0x00000000eb2a0000, 0x00000000eea3c000, 0x0000000100000000)
   the space 56944K,  86% used [0x00000000eb2a0000, 0x00000000ee2aaa20, 0x00000000ee2aac00, 0x00000000eea3c000)
 Metaspace       used 50916K, capacity 52536K, committed 52864K, reserved 1097728K
  class space    used 5027K, capacity 5389K, committed 5504K, reserved 1048576K
}
Event: 21,245 GC heap after
{Heap after GC invocations=93 (full 3):
 def new generation   total 25728K, used 1093K [0x00000000e0c00000, 0x00000000e27e0000, 0x00000000eb2a0000)
  eden space 22912K,   0% used [0x00000000e0c00000, 0x00000000e0c00000, 0x00000000e2260000)
  from space 2816K,  38% used [0x00000000e2520000, 0x00000000e2631570, 0x00000000e27e0000)
  to   space 2816K,   0% used [0x00000000e2260000, 0x00000000e2260000, 0x00000000e2520000)
 tenured generation   total 56944K, used 49194K [0x00000000eb2a0000, 0x00000000eea3c000, 0x0000000100000000)
   the space 56944K,  86% used [0x00000000eb2a0000, 0x00000000ee2aaa20, 0x00000000ee2aac00, 0x00000000eea3c000)
 Metaspace       used 50916K, capacity 52536K, committed 52864K, reserved 1097728K
  class space    used 5027K, capacity 5389K, committed 5504K, reserved 1048576K
}
Event: 21,480 GC heap before
{Heap before GC invocations=93 (full 3):
 def new generation   total 25728K, used 24005K [0x00000000e0c00000, 0x00000000e27e0000, 0x00000000eb2a0000)
  eden space 22912K, 100% used [0x00000000e0c00000, 0x00000000e2260000, 0x00000000e2260000)
  from space 2816K,  38% used [0x00000000e2520000, 0x00000000e2631570, 0x00000000e27e0000)
  to   space 2816K,   0% used [0x00000000e2260000, 0x00000000e2260000, 0x00000000e2520000)
 tenured generation   total 56944K, used 49194K [0x00000000eb2a0000, 0x00000000eea3c000, 0x0000000100000000)
   the space 56944K,  86% used [0x00000000eb2a0000, 0x00000000ee2aaa20, 0x00000000ee2aac00, 0x00000000eea3c000)
 Metaspace       used 50935K, capacity 52536K, committed 52864K, reserved 1097728K
  class space    used 5027K, capacity 5389K, committed 5504K, reserved 1048576K
}
Event: 21,492 GC heap after
{Heap after GC invocations=94 (full 3):
 def new generation   total 25728K, used 1054K [0x00000000e0c00000, 0x00000000e27e0000, 0x00000000eb2a0000)
  eden space 22912K,   0% used [0x00000000e0c00000, 0x00000000e0c00000, 0x00000000e2260000)
  from space 2816K,  37% used [0x00000000e2260000, 0x00000000e2367a50, 0x00000000e2520000)
  to   space 2816K,   0% used [0x00000000e2520000, 0x00000000e2520000, 0x00000000e27e0000)
 tenured generation   total 56944K, used 49194K [0x00000000eb2a0000, 0x00000000eea3c000, 0x0000000100000000)
   the space 56944K,  86% used [0x00000000eb2a0000, 0x00000000ee2aaa20, 0x00000000ee2aac00, 0x00000000eea3c000)
 Metaspace       used 50935K, capacity 52536K, committed 52864K, reserved 1097728K
  class space    used 5027K, capacity 5389K, committed 5504K, reserved 1048576K
}
Event: 21,751 GC heap before
{Heap before GC invocations=94 (full 3):
 def new generation   total 25728K, used 23966K [0x00000000e0c00000, 0x00000000e27e0000, 0x00000000eb2a0000)
  eden space 22912K, 100% used [0x00000000e0c00000, 0x00000000e2260000, 0x00000000e2260000)
  from space 2816K,  37% used [0x00000000e2260000, 0x00000000e2367a50, 0x00000000e2520000)
  to   space 2816K,   0% used [0x00000000e2520000, 0x00000000e2520000, 0x00000000e27e0000)
 tenured generation   total 56944K, used 49194K [0x00000000eb2a0000, 0x00000000eea3c000, 0x0000000100000000)
   the space 56944K,  86% used [0x00000000eb2a0000, 0x00000000ee2aaa20, 0x00000000ee2aac00, 0x00000000eea3c000)
 Metaspace       used 50946K, capacity 52536K, committed 52864K, reserved 1097728K
  class space    used 5027K, capacity 5389K, committed 5504K, reserved 1048576K
}
Event: 21,756 GC heap after
{Heap after GC invocations=95 (full 3):
 def new generation   total 25728K, used 1098K [0x00000000e0c00000, 0x00000000e27e0000, 0x00000000eb2a0000)
  eden space 22912K,   0% used [0x00000000e0c00000, 0x00000000e0c00000, 0x00000000e2260000)
  from space 2816K,  39% used [0x00000000e2520000, 0x00000000e2632958, 0x00000000e27e0000)
  to   space 2816K,   0% used [0x00000000e2260000, 0x00000000e2260000, 0x00000000e2520000)
 tenured generation   total 56944K, used 49194K [0x00000000eb2a0000, 0x00000000eea3c000, 0x0000000100000000)
   the space 56944K,  86% used [0x00000000eb2a0000, 0x00000000ee2aaa20, 0x00000000ee2aac00, 0x00000000eea3c000)
 Metaspace       used 50946K, capacity 52536K, committed 52864K, reserved 1097728K
  class space    used 5027K, capacity 5389K, committed 5504K, reserved 1048576K
}
Event: 21,971 GC heap before
{Heap before GC invocations=95 (full 3):
 def new generation   total 25728K, used 24010K [0x00000000e0c00000, 0x00000000e27e0000, 0x00000000eb2a0000)
  eden space 22912K, 100% used [0x00000000e0c00000, 0x00000000e2260000, 0x00000000e2260000)
  from space 2816K,  39% used [0x00000000e2520000, 0x00000000e2632958, 0x00000000e27e0000)
  to   space 2816K,   0% used [0x00000000e2260000, 0x00000000e2260000, 0x00000000e2520000)
 tenured generation   total 56944K, used 49194K [0x00000000eb2a0000, 0x00000000eea3c000, 0x0000000100000000)
   the space 56944K,  86% used [0x00000000eb2a0000, 0x00000000ee2aaa20, 0x00000000ee2aac00, 0x00000000eea3c000)
 Metaspace       used 50957K, capacity 52600K, committed 52864K, reserved 1097728K
  class space    used 5027K, capacity 5389K, committed 5504K, reserved 1048576K
}
Event: 21,977 GC heap after
{Heap after GC invocations=96 (full 3):
 def new generation   total 25728K, used 1110K [0x00000000e0c00000, 0x00000000e27e0000, 0x00000000eb2a0000)
  eden space 22912K,   0% used [0x00000000e0c00000, 0x00000000e0c00000, 0x00000000e2260000)
  from space 2816K,  39% used [0x00000000e2260000, 0x00000000e2375ba0, 0x00000000e2520000)
  to   space 2816K,   0% used [0x00000000e2520000, 0x00000000e2520000, 0x00000000e27e0000)
 tenured generation   total 56944K, used 49194K [0x00000000eb2a0000, 0x00000000eea3c000, 0x0000000100000000)
   the space 56944K,  86% used [0x00000000eb2a0000, 0x00000000ee2aaa20, 0x00000000ee2aac00, 0x00000000eea3c000)
 Metaspace       used 50957K, capacity 52600K, committed 52864K, reserved 1097728K
  class space    used 5027K, capacity 5389K, committed 5504K, reserved 1048576K
}
Event: 22,138 GC heap before
{Heap before GC invocations=96 (full 3):
 def new generation   total 25728K, used 24022K [0x00000000e0c00000, 0x00000000e27e0000, 0x00000000eb2a0000)
  eden space 22912K, 100% used [0x00000000e0c00000, 0x00000000e2260000, 0x00000000e2260000)
  from space 2816K,  39% used [0x00000000e2260000, 0x00000000e2375ba0, 0x00000000e2520000)
  to   space 2816K,   0% used [0x00000000e2520000, 0x00000000e2520000, 0x00000000e27e0000)
 tenured generation   total 56944K, used 49194K [0x00000000eb2a0000, 0x00000000eea3c000, 0x0000000100000000)
   the space 56944K,  86% used [0x00000000eb2a0000, 0x00000000ee2aaa20, 0x00000000ee2aac00, 0x00000000eea3c000)
 Metaspace       used 50965K, capacity 52600K, committed 52864K, reserved 1097728K
  class space    used 5027K, capacity 5389K, committed 5504K, reserved 1048576K
}
Event: 22,142 GC heap after
{Heap after GC invocations=97 (full 3):
 def new generation   total 25728K, used 1070K [0x00000000e0c00000, 0x00000000e27e0000, 0x00000000eb2a0000)
  eden space 22912K,   0% used [0x00000000e0c00000, 0x00000000e0c00000, 0x00000000e2260000)
  from space 2816K,  38% used [0x00000000e2520000, 0x00000000e262bab0, 0x00000000e27e0000)
  to   space 2816K,   0% used [0x00000000e2260000, 0x00000000e2260000, 0x00000000e2520000)
 tenured generation   total 56944K, used 49194K [0x00000000eb2a0000, 0x00000000eea3c000, 0x0000000100000000)
   the space 56944K,  86% used [0x00000000eb2a0000, 0x00000000ee2aaa20, 0x00000000ee2aac00, 0x00000000eea3c000)
 Metaspace       used 50965K, capacity 52600K, committed 52864K, reserved 1097728K
  class space    used 5027K, capacity 5389K, committed 5504K, reserved 1048576K
}

Deoptimization events (10 events):
Event: 19,332 Thread 0x00007f4954741000 Uncommon trap: reason=class_check action=maybe_recompile pc=0x00007f49410ce0a0 method=java.util.stream.IntPipeline$1$1.accept(I)V @ 12 c2
Event: 20,229 Thread 0x00007f4954741000 Uncommon trap: reason=class_check action=maybe_recompile pc=0x00007f49410ce0a0 method=java.util.stream.IntPipeline$1$1.accept(I)V @ 12 c2
Event: 20,468 Thread 0x00007f4954741000 Uncommon trap: reason=unstable_if action=reinterpret pc=0x00007f494113d044 method=org.nd4j.linalg.api.ndarray.BaseNDArray.get([Lorg/nd4j/linalg/indexing/INDArrayIndex;)Lorg/nd4j/linalg/api/ndarray/INDArray; @ 88 c2
Event: 20,468 Thread 0x00007f4954741000 Uncommon trap: reason=unstable_if action=reinterpret pc=0x00007f49410fe7a0 method=org.nd4j.linalg.api.shape.Shape.isRowVectorShape(Lorg/nd4j/linalg/api/buffer/DataBuffer;)Z @ 12 c2
Event: 20,468 Thread 0x00007f4954741000 Uncommon trap: reason=unstable_if action=reinterpret pc=0x00007f494113edd4 method=org.nd4j.linalg.indexing.ShapeOffsetResolution.exec([Lorg/nd4j/linalg/indexing/INDArrayIndex;)V @ 40 c2
Event: 20,468 Thread 0x00007f4954741000 Uncommon trap: reason=class_check action=maybe_recompile pc=0x00007f4941107674 method=org.nd4j.linalg.indexing.ShapeOffsetResolution.tryShortCircuit([Lorg/nd4j/linalg/indexing/INDArrayIndex;)Z @ 66 c2
Event: 20,472 Thread 0x00007f4954741000 Uncommon trap: reason=class_check action=maybe_recompile pc=0x00007f4941107674 method=org.nd4j.linalg.indexing.ShapeOffsetResolution.tryShortCircuit([Lorg/nd4j/linalg/indexing/INDArrayIndex;)Z @ 66 c2
Event: 20,472 Thread 0x00007f4954741000 Uncommon trap: reason=class_check action=maybe_recompile pc=0x00007f4941107674 method=org.nd4j.linalg.indexing.ShapeOffsetResolution.tryShortCircuit([Lorg/nd4j/linalg/indexing/INDArrayIndex;)Z @ 66 c2
Event: 20,472 Thread 0x00007f4954741000 Uncommon trap: reason=class_check action=maybe_recompile pc=0x00007f4941107674 method=org.nd4j.linalg.indexing.ShapeOffsetResolution.tryShortCircuit([Lorg/nd4j/linalg/indexing/INDArrayIndex;)Z @ 66 c2
Event: 22,178 Thread 0x00007f4954741000 Uncommon trap: reason=class_check action=maybe_recompile pc=0x00007f49410ce0a0 method=java.util.stream.IntPipeline$1$1.accept(I)V @ 12 c2

Classes redefined (0 events):
No events

Internal exceptions (10 events):
Event: 9,970 Thread 0x00007f4954741000 Exception <a 'java/lang/NoSuchMethodError'{0x00000000e10fd6c0}: java.lang.invoke.DirectMethodHandle$Holder.invokeStatic(Ljava/lang/Object;Ljava/lang/Object;Ljava/lang/Object;Ljava/lang/Object;)I> (0x00000000e10fd6c0) thrown at [/scratch/opt/mach5/mesos/wo
Event: 9,971 Thread 0x00007f4954741000 Exception <a 'java/lang/NoSuchMethodError'{0x00000000e1100e90}: java.lang.invoke.DirectMethodHandle$Holder.invokeStaticInit(Ljava/lang/Object;Ljava/lang/Object;Ljava/lang/Object;Ljava/lang/Object;)I> (0x00000000e1100e90) thrown at [/scratch/opt/mach5/meso
Event: 9,971 Thread 0x00007f4954741000 Exception <a 'java/lang/NoSuchMethodError'{0x00000000e110a688}: java.lang.invoke.DirectMethodHandle$Holder.invokeInterface(Ljava/lang/Object;Ljava/lang/Object;)Ljava/lang/Object;> (0x00000000e110a688) thrown at [/scratch/opt/mach5/mesos/work_dir/slaves/5a
Event: 9,971 Thread 0x00007f4954741000 Exception <a 'java/lang/IncompatibleClassChangeError'{0x00000000e110d6e0}: Found class java.lang.Object, but interface was expected> (0x00000000e110d6e0) thrown at [/scratch/opt/mach5/mesos/work_dir/slaves/5af44a71-976a-41b7-81de-5773b84ec572-S39643/frame
Event: 9,971 Thread 0x00007f4954741000 Exception <a 'java/lang/NoSuchMethodError'{0x00000000e1110790}: java.lang.invoke.DirectMethodHandle$Holder.invokeStaticInit(Ljava/lang/Object;Ljava/lang/Object;)V> (0x00000000e1110790) thrown at [/scratch/opt/mach5/mesos/work_dir/slaves/5af44a71-976a-41b7
Event: 9,976 Thread 0x00007f4954741000 Exception <a 'java/lang/NoSuchMethodError'{0x00000000e1115ee8}: java.lang.invoke.DirectMethodHandle$Holder.invokeStaticInit(Ljava/lang/Object;Ljava/lang/Object;)I> (0x00000000e1115ee8) thrown at [/scratch/opt/mach5/mesos/work_dir/slaves/5af44a71-976a-41b7
Event: 9,992 Thread 0x00007f4954741000 Implicit null exception at 0x00007f4940ffe7ae to 0x00007f4940ffeb25
Event: 14,657 Thread 0x00007f491c913000 Exception <a 'java/lang/NoSuchMethodError'{0x00000000e1eb1408}: java.lang.Object.lambda$and$0(Ljava/util/regex/Pattern$CharPredicate;I)Z> (0x00000000e1eb1408) thrown at [/scratch/opt/mach5/mesos/work_dir/slaves/5af44a71-976a-41b7-81de-5773b84ec572-S39643/
Event: 15,416 Thread 0x00007f4954741000 Exception <a 'java/lang/NoSuchMethodError'{0x00000000e1f66240}: java.lang.invoke.DirectMethodHandle$Holder.invokeVirtual(Ljava/lang/Object;Ljava/lang/Object;)I> (0x00000000e1f66240) thrown at [/scratch/opt/mach5/mesos/work_dir/slaves/5af44a71-976a-41b7-81
Event: 15,417 Thread 0x00007f4954741000 Exception <a 'java/lang/NoSuchMethodError'{0x00000000e1f6e678}: java.lang.invoke.DirectMethodHandle$Holder.invokeSpecial(Ljava/lang/Object;Ljava/lang/Object;)D> (0x00000000e1f6e678) thrown at [/scratch/opt/mach5/mesos/work_dir/slaves/5af44a71-976a-41b7-81

Events (10 events):
Event: 21,756 Executing VM operation: GenCollectForAllocation done
Event: 21,971 Executing VM operation: GenCollectForAllocation
Event: 21,977 Executing VM operation: GenCollectForAllocation done
Event: 22,127 Thread 0x00007f4954741000 DEOPT PACKING pc=0x00007f493a5f1582 sp=0x00007f4929edde40
Event: 22,127 Thread 0x00007f4954741000 DEOPT UNPACKING pc=0x00007f493933eaab sp=0x00007f4929edd2f8 mode 0
Event: 22,138 Executing VM operation: GenCollectForAllocation
Event: 22,142 Executing VM operation: GenCollectForAllocation done
Event: 22,178 Thread 0x00007f4954741000 Uncommon trap: trap_request=0xffffffde fr.pc=0x00007f49410ce0a0 relative=0x0000000000000280
Event: 22,178 Thread 0x00007f4954741000 DEOPT PACKING pc=0x00007f49410ce0a0 sp=0x00007f4929eddae0
Event: 22,178 Thread 0x00007f4954741000 DEOPT UNPACKING pc=0x00007f493933ec9f sp=0x00007f4929eddaa0 mode 2


Dynamic libraries:
00400000-00401000 r-xp 00000000 08:01 186275                             /usr/lib/jvm/java-9-oracle/bin/java
00600000-00601000 rw-p 00000000 08:01 186275                             /usr/lib/jvm/java-9-oracle/bin/java
02347000-02368000 rw-p 00000000 00:00 0                                  [heap]
e0c00000-e27e0000 rw-p 00000000 00:00 0 
e27e0000-eb2a0000 ---p 00000000 00:00 0 
eb2a0000-eea3c000 rw-p 00000000 00:00 0 
eea3c000-100000000 ---p 00000000 00:00 0 
100000000-100560000 rw-p 00000000 00:00 0 
100560000-140000000 ---p 00000000 00:00 0 
7f48fc000000-7f48fc329000 rw-p 00000000 00:00 0 
7f48fc329000-7f4900000000 ---p 00000000 00:00 0 
7f49011f6000-7f4901236000 rw-p 00000000 00:00 0 
7f4901236000-7f49013f6000 ---p 00000000 00:00 0 
7f49013f6000-7f49033f6000 rw-p 00000000 00:00 0 
7f49033f6000-7f4903500000 r-xp 00000000 08:01 473495                     /home/sherman/.javacpp/cache/opencv-3.2.0-1.3-linux-x86_64.jar/org/bytedeco/javacpp/linux-x86_64/libjniopencv_imgproc.so
7f4903500000-7f49036ff000 ---p 0010a000 08:01 473495                     /home/sherman/.javacpp/cache/opencv-3.2.0-1.3-linux-x86_64.jar/org/bytedeco/javacpp/linux-x86_64/libjniopencv_imgproc.so
7f49036ff000-7f4903701000 rw-p 00109000 08:01 473495                     /home/sherman/.javacpp/cache/opencv-3.2.0-1.3-linux-x86_64.jar/org/bytedeco/javacpp/linux-x86_64/libjniopencv_imgproc.so
7f4903701000-7f4903901000 rw-p 00000000 00:00 0 
7f4903901000-7f4903b90000 r-xp 00000000 08:01 473493                     /home/sherman/.javacpp/cache/opencv-3.2.0-1.3-linux-x86_64.jar/org/bytedeco/javacpp/linux-x86_64/libjniopencv_core.so
7f4903b90000-7f4903d8f000 ---p 0028f000 08:01 473493                     /home/sherman/.javacpp/cache/opencv-3.2.0-1.3-linux-x86_64.jar/org/bytedeco/javacpp/linux-x86_64/libjniopencv_core.so
7f4903d8f000-7f4903d92000 rw-p 0028e000 08:01 473493                     /home/sherman/.javacpp/cache/opencv-3.2.0-1.3-linux-x86_64.jar/org/bytedeco/javacpp/linux-x86_64/libjniopencv_core.so
7f4903d92000-7f4903d93000 rw-p 00000000 00:00 0 
7f4903d93000-7f4903fd4000 r-xp 00000000 08:01 473491                     /home/sherman/.javacpp/cache/opencv-3.2.0-1.3-linux-x86_64.jar/org/bytedeco/javacpp/linux-x86_64/libopencv_imgproc.so.3.2
7f4903fd4000-7f49041d4000 ---p 00241000 08:01 473491                     /home/sherman/.javacpp/cache/opencv-3.2.0-1.3-linux-x86_64.jar/org/bytedeco/javacpp/linux-x86_64/libopencv_imgproc.so.3.2
7f49041d4000-7f49041e6000 rw-p 00241000 08:01 473491                     /home/sherman/.javacpp/cache/opencv-3.2.0-1.3-linux-x86_64.jar/org/bytedeco/javacpp/linux-x86_64/libopencv_imgproc.so.3.2
7f49041e6000-7f490427b000 rw-p 00000000 00:00 0 
7f490427b000-7f4904493000 r-xp 00000000 08:01 473489                     /home/sherman/.javacpp/cache/opencv-3.2.0-1.3-linux-x86_64.jar/org/bytedeco/javacpp/linux-x86_64/libopencv_core.so.3.2
7f4904493000-7f4904693000 ---p 00218000 08:01 473489                     /home/sherman/.javacpp/cache/opencv-3.2.0-1.3-linux-x86_64.jar/org/bytedeco/javacpp/linux-x86_64/libopencv_core.so.3.2
7f4904693000-7f490469a000 rw-p 00218000 08:01 473489                     /home/sherman/.javacpp/cache/opencv-3.2.0-1.3-linux-x86_64.jar/org/bytedeco/javacpp/linux-x86_64/libopencv_core.so.3.2
7f490469a000-7f490469c000 rw-p 00000000 00:00 0 
7f490469c000-7f49046af000 r-xp 00000000 08:01 473488                     /home/sherman/.javacpp/cache/ffmpeg-3.2.1-1.3-linux-x86_64.jar/org/bytedeco/javacpp/linux-x86_64/libjniavdevice.so
7f49046af000-7f49048ae000 ---p 00013000 08:01 473488                     /home/sherman/.javacpp/cache/ffmpeg-3.2.1-1.3-linux-x86_64.jar/org/bytedeco/javacpp/linux-x86_64/libjniavdevice.so
7f49048ae000-7f49048af000 rw-p 00012000 08:01 473488                     /home/sherman/.javacpp/cache/ffmpeg-3.2.1-1.3-linux-x86_64.jar/org/bytedeco/javacpp/linux-x86_64/libjniavdevice.so
7f49048af000-7f49049a8000 r-xp 00000000 08:01 13788                      /usr/lib/x86_64-linux-gnu/libasound.so.2.0.0
7f49049a8000-7f4904ba7000 ---p 000f9000 08:01 13788                      /usr/lib/x86_64-linux-gnu/libasound.so.2.0.0
7f4904ba7000-7f4904bae000 r--p 000f8000 08:01 13788                      /usr/lib/x86_64-linux-gnu/libasound.so.2.0.0
7f4904bae000-7f4904baf000 rw-p 000ff000 08:01 13788                      /usr/lib/x86_64-linux-gnu/libasound.so.2.0.0
7f4904baf000-7f4904bc1000 r-xp 00000000 08:01 473486                     /home/sherman/.javacpp/cache/ffmpeg-3.2.1-1.3-linux-x86_64.jar/org/bytedeco/javacpp/linux-x86_64/libavdevice.so.57
7f4904bc1000-7f4904dc0000 ---p 00012000 08:01 473486                     /home/sherman/.javacpp/cache/ffmpeg-3.2.1-1.3-linux-x86_64.jar/org/bytedeco/javacpp/linux-x86_64/libavdevice.so.57
7f4904dc0000-7f4904dc3000 rw-p 00011000 08:01 473486                     /home/sherman/.javacpp/cache/ffmpeg-3.2.1-1.3-linux-x86_64.jar/org/bytedeco/javacpp/linux-x86_64/libavdevice.so.57
7f4904dc3000-7f4904df6000 r-xp 00000000 08:01 473485                     /home/sherman/.javacpp/cache/ffmpeg-3.2.1-1.3-linux-x86_64.jar/org/bytedeco/javacpp/linux-x86_64/libjniavfilter.so
7f4904df6000-7f4904ff6000 ---p 00033000 08:01 473485                     /home/sherman/.javacpp/cache/ffmpeg-3.2.1-1.3-linux-x86_64.jar/org/bytedeco/javacpp/linux-x86_64/libjniavfilter.so
7f4904ff6000-7f4904ff7000 rw-p 00033000 08:01 473485                     /home/sherman/.javacpp/cache/ffmpeg-3.2.1-1.3-linux-x86_64.jar/org/bytedeco/javacpp/linux-x86_64/libjniavfilter.so
7f4904ff7000-7f49051e8000 r-xp 00000000 08:01 473483                     /home/sherman/.javacpp/cache/ffmpeg-3.2.1-1.3-linux-x86_64.jar/org/bytedeco/javacpp/linux-x86_64/libavfilter.so.6
7f49051e8000-7f49053e7000 ---p 001f1000 08:01 473483                     /home/sherman/.javacpp/cache/ffmpeg-3.2.1-1.3-linux-x86_64.jar/org/bytedeco/javacpp/linux-x86_64/libavfilter.so.6
7f49053e7000-7f490543c000 rw-p 001f0000 08:01 473483                     /home/sherman/.javacpp/cache/ffmpeg-3.2.1-1.3-linux-x86_64.jar/org/bytedeco/javacpp/linux-x86_64/libavfilter.so.6
7f490543c000-7f4905448000 r-xp 00000000 08:01 473482                     /home/sherman/.javacpp/cache/ffmpeg-3.2.1-1.3-linux-x86_64.jar/org/bytedeco/javacpp/linux-x86_64/libjnipostproc.so
7f4905448000-7f4905647000 ---p 0000c000 08:01 473482                     /home/sherman/.javacpp/cache/ffmpeg-3.2.1-1.3-linux-x86_64.jar/org/bytedeco/javacpp/linux-x86_64/libjnipostproc.so
7f4905647000-7f4905648000 rw-p 0000b000 08:01 473482                     /home/sherman/.javacpp/cache/ffmpeg-3.2.1-1.3-linux-x86_64.jar/org/bytedeco/javacpp/linux-x86_64/libjnipostproc.so
7f4905648000-7f490568f000 r-xp 00000000 08:01 473480                     /home/sherman/.javacpp/cache/ffmpeg-3.2.1-1.3-linux-x86_64.jar/org/bytedeco/javacpp/linux-x86_64/libpostproc.so.54
7f490568f000-7f490588f000 ---p 00047000 08:01 473480                     /home/sherman/.javacpp/cache/ffmpeg-3.2.1-1.3-linux-x86_64.jar/org/bytedeco/javacpp/linux-x86_64/libpostproc.so.54
7f490588f000-7f4905890000 rw-p 00047000 08:01 473480                     /home/sherman/.javacpp/cache/ffmpeg-3.2.1-1.3-linux-x86_64.jar/org/bytedeco/javacpp/linux-x86_64/libpostproc.so.54
7f4905890000-7f49058a3000 r-xp 00000000 08:01 473479                     /home/sherman/.javacpp/cache/ffmpeg-3.2.1-1.3-linux-x86_64.jar/org/bytedeco/javacpp/linux-x86_64/libjniswscale.so
7f49058a3000-7f4905aa2000 ---p 00013000 08:01 473479                     /home/sherman/.javacpp/cache/ffmpeg-3.2.1-1.3-linux-x86_64.jar/org/bytedeco/javacpp/linux-x86_64/libjniswscale.so
7f4905aa2000-7f4905aa3000 rw-p 00012000 08:01 473479                     /home/sherman/.javacpp/cache/ffmpeg-3.2.1-1.3-linux-x86_64.jar/org/bytedeco/javacpp/linux-x86_64/libjniswscale.so
7f4905aa3000-7f4905b2c000 r-xp 00000000 08:01 473477                     /home/sherman/.javacpp/cache/ffmpeg-3.2.1-1.3-linux-x86_64.jar/org/bytedeco/javacpp/linux-x86_64/libswscale.so.4
7f4905b2c000-7f4905d2b000 ---p 00089000 08:01 473477                     /home/sherman/.javacpp/cache/ffmpeg-3.2.1-1.3-linux-x86_64.jar/org/bytedeco/javacpp/linux-x86_64/libswscale.so.4
7f4905d2b000-7f4905d2d000 rw-p 00088000 08:01 473477                     /home/sherman/.javacpp/cache/ffmpeg-3.2.1-1.3-linux-x86_64.jar/org/bytedeco/javacpp/linux-x86_64/libswscale.so.4
7f4905d2d000-7f4905d35000 rw-p 00000000 00:00 0 
7f4905d35000-7f4905dbe000 r-xp 00000000 08:01 473476                     /home/sherman/.javacpp/cache/ffmpeg-3.2.1-1.3-linux-x86_64.jar/org/bytedeco/javacpp/linux-x86_64/libjniavformat.so
7f4905dbe000-7f4905fbe000 ---p 00089000 08:01 473476                     /home/sherman/.javacpp/cache/ffmpeg-3.2.1-1.3-linux-x86_64.jar/org/bytedeco/javacpp/linux-x86_64/libjniavformat.so
7f4905fbe000-7f4905fbf000 rw-p 00089000 08:01 473476                     /home/sherman/.javacpp/cache/ffmpeg-3.2.1-1.3-linux-x86_64.jar/org/bytedeco/javacpp/linux-x86_64/libjniavformat.so
7f4905fbf000-7f4905fc0000 rw-p 00000000 00:00 0 
7f4905fc0000-7f4906391000 r-xp 00000000 08:01 473474                     /home/sherman/.javacpp/cache/ffmpeg-3.2.1-1.3-linux-x86_64.jar/org/bytedeco/javacpp/linux-x86_64/libavformat.so.57
7f4906391000-7f4906590000 ---p 003d1000 08:01 473474                     /home/sherman/.javacpp/cache/ffmpeg-3.2.1-1.3-linux-x86_64.jar/org/bytedeco/javacpp/linux-x86_64/libavformat.so.57
7f4906590000-7f49065eb000 rw-p 003d0000 08:01 473474                     /home/sherman/.javacpp/cache/ffmpeg-3.2.1-1.3-linux-x86_64.jar/org/bytedeco/javacpp/linux-x86_64/libavformat.so.57
7f49065eb000-7f49065ef000 rw-p 00000000 00:00 0 
7f49065ef000-7f490668b000 r-xp 00000000 08:01 473473                     /home/sherman/.javacpp/cache/ffmpeg-3.2.1-1.3-linux-x86_64.jar/org/bytedeco/javacpp/linux-x86_64/libjniavcodec.so
7f490668b000-7f490688a000 ---p 0009c000 08:01 473473                     /home/sherman/.javacpp/cache/ffmpeg-3.2.1-1.3-linux-x86_64.jar/org/bytedeco/javacpp/linux-x86_64/libjniavcodec.so
7f490688a000-7f490688c000 rw-p 0009b000 08:01 473473                     /home/sherman/.javacpp/cache/ffmpeg-3.2.1-1.3-linux-x86_64.jar/org/bytedeco/javacpp/linux-x86_64/libjniavcodec.so
7f490688c000-7f4907d1d000 r-xp 00000000 08:01 473471                     /home/sherman/.javacpp/cache/ffmpeg-3.2.1-1.3-linux-x86_64.jar/org/bytedeco/javacpp/linux-x86_64/libavcodec.so.57
7f4907d1d000-7f4907f1d000 ---p 01491000 08:01 473471                     /home/sherman/.javacpp/cache/ffmpeg-3.2.1-1.3-linux-x86_64.jar/org/bytedeco/javacpp/linux-x86_64/libavcodec.so.57
7f4907f1d000-7f4907f8f000 rw-p 01491000 08:01 473471                     /home/sherman/.javacpp/cache/ffmpeg-3.2.1-1.3-linux-x86_64.jar/org/bytedeco/javacpp/linux-x86_64/libavcodec.so.57
7f4907f8f000-7f490897f000 rw-p 00000000 00:00 0 
7f490897f000-7f490898c000 r-xp 00000000 08:01 473470                     /home/sherman/.javacpp/cache/ffmpeg-3.2.1-1.3-linux-x86_64.jar/org/bytedeco/javacpp/linux-x86_64/libjniswresample.so
7f490898c000-7f4908b8c000 ---p 0000d000 08:01 473470                     /home/sherman/.javacpp/cache/ffmpeg-3.2.1-1.3-linux-x86_64.jar/org/bytedeco/javacpp/linux-x86_64/libjniswresample.so
7f4908b8c000-7f4908b8d000 rw-p 0000d000 08:01 473470                     /home/sherman/.javacpp/cache/ffmpeg-3.2.1-1.3-linux-x86_64.jar/org/bytedeco/javacpp/linux-x86_64/libjniswresample.so
7f4908b8d000-7f4908ba8000 r-xp 00000000 08:01 473468                     /home/sherman/.javacpp/cache/ffmpeg-3.2.1-1.3-linux-x86_64.jar/org/bytedeco/javacpp/linux-x86_64/libswresample.so.2
7f4908ba8000-7f4908da8000 ---p 0001b000 08:01 473468                     /home/sherman/.javacpp/cache/ffmpeg-3.2.1-1.3-linux-x86_64.jar/org/bytedeco/javacpp/linux-x86_64/libswresample.so.2
7f4908da8000-7f4908daa000 rw-p 0001b000 08:01 473468                     /home/sherman/.javacpp/cache/ffmpeg-3.2.1-1.3-linux-x86_64.jar/org/bytedeco/javacpp/linux-x86_64/libswresample.so.2
7f4908daa000-7f4908e24000 r-xp 00000000 08:01 473467                     /home/sherman/.javacpp/cache/ffmpeg-3.2.1-1.3-linux-x86_64.jar/org/bytedeco/javacpp/linux-x86_64/libjniavutil.so
7f4908e24000-7f4909023000 ---p 0007a000 08:01 473467                     /home/sherman/.javacpp/cache/ffmpeg-3.2.1-1.3-linux-x86_64.jar/org/bytedeco/javacpp/linux-x86_64/libjniavutil.so
7f4909023000-7f4909025000 rw-p 00079000 08:01 473467                     /home/sherman/.javacpp/cache/ffmpeg-3.2.1-1.3-linux-x86_64.jar/org/bytedeco/javacpp/linux-x86_64/libjniavutil.so
7f4909025000-7f4909077000 r-xp 00000000 08:01 473465                     /home/sherman/.javacpp/cache/ffmpeg-3.2.1-1.3-linux-x86_64.jar/org/bytedeco/javacpp/linux-x86_64/libavutil.so.55
7f4909077000-7f4909276000 ---p 00052000 08:01 473465                     /home/sherman/.javacpp/cache/ffmpeg-3.2.1-1.3-linux-x86_64.jar/org/bytedeco/javacpp/linux-x86_64/libavutil.so.55
7f4909276000-7f4909287000 rw-p 00051000 08:01 473465                     /home/sherman/.javacpp/cache/ffmpeg-3.2.1-1.3-linux-x86_64.jar/org/bytedeco/javacpp/linux-x86_64/libavutil.so.55
7f4909287000-7f490929b000 rw-p 00000000 00:00 0 
7f490929b000-7f490929f000 ---p 00000000 00:00 0 
7f490929f000-7f490959c000 rw-p 00000000 00:00 0 
7f490959c000-7f490979c000 rw-p 00000000 00:00 0 
7f490979c000-7f49097a0000 ---p 00000000 00:00 0 
7f49097a0000-7f490e4e9000 rw-p 00000000 00:00 0 
7f490e4e9000-7f490f3eb000 r-xp 00000000 08:01 473331                     /home/sherman/.javacpp/cache/openblas-0.2.19-1.3-linux-x86_64.jar/org/bytedeco/javacpp/linux-x86_64/libjniopenblas.so
7f490f3eb000-7f490f5ea000 ---p 00f02000 08:01 473331                     /home/sherman/.javacpp/cache/openblas-0.2.19-1.3-linux-x86_64.jar/org/bytedeco/javacpp/linux-x86_64/libjniopenblas.so
7f490f5ea000-7f490f5f2000 rw-p 00f01000 08:01 473331                     /home/sherman/.javacpp/cache/openblas-0.2.19-1.3-linux-x86_64.jar/org/bytedeco/javacpp/linux-x86_64/libjniopenblas.so
7f490f5f2000-7f491182a000 r-xp 00000000 08:01 473329                     /home/sherman/.javacpp/cache/openblas-0.2.19-1.3-linux-x86_64.jar/org/bytedeco/javacpp/linux-x86_64/libopenblas.so.0
7f491182a000-7f4911a2a000 ---p 02238000 08:01 473329                     /home/sherman/.javacpp/cache/openblas-0.2.19-1.3-linux-x86_64.jar/org/bytedeco/javacpp/linux-x86_64/libopenblas.so.0
7f4911a2a000-7f4911a49000 rw-p 02238000 08:01 473329                     /home/sherman/.javacpp/cache/openblas-0.2.19-1.3-linux-x86_64.jar/org/bytedeco/javacpp/linux-x86_64/libopenblas.so.0
7f4911a49000-7f4911aac000 rw-p 00000000 00:00 0 
7f4911aac000-7f4911b9c000 r-xp 00000000 08:01 473327                     /home/sherman/.javacpp/cache/openblas-0.2.19-1.3-linux-x86_64.jar/org/bytedeco/javacpp/linux-x86_64/libgfortran.so.3
7f4911b9c000-7f4911d9b000 ---p 000f0000 08:01 473327                     /home/sherman/.javacpp/cache/openblas-0.2.19-1.3-linux-x86_64.jar/org/bytedeco/javacpp/linux-x86_64/libgfortran.so.3
7f4911d9b000-7f4911d9d000 rw-p 000ef000 08:01 473327                     /home/sherman/.javacpp/cache/openblas-0.2.19-1.3-linux-x86_64.jar/org/bytedeco/javacpp/linux-x86_64/libgfortran.so.3
7f4911d9d000-7f4911d9e000 rw-p 00000000 00:00 0 
7f4911d9e000-7f4911db4000 r-xp 00000000 08:01 473325                     /home/sherman/.javacpp/cache/openblas-0.2.19-1.3-linux-x86_64.jar/org/bytedeco/javacpp/linux-x86_64/libgcc_s.so.1
7f4911db4000-7f4911fb3000 ---p 00016000 08:01 473325                     /home/sherman/.javacpp/cache/openblas-0.2.19-1.3-linux-x86_64.jar/org/bytedeco/javacpp/linux-x86_64/libgcc_s.so.1
7f4911fb3000-7f4911fb4000 rw-p 00015000 08:01 473325                     /home/sherman/.javacpp/cache/openblas-0.2.19-1.3-linux-x86_64.jar/org/bytedeco/javacpp/linux-x86_64/libgcc_s.so.1
7f4911fb4000-7f49121b4000 rw-p 00000000 00:00 0 
7f49121b4000-7f49123b4000 rw-p 00000000 00:00 0 
7f49123b4000-7f49125b4000 rw-p 00000000 00:00 0 
7f49125b4000-7f4912655000 r-xp 00000000 08:01 473324                     /home/sherman/.javacpp/cache/nd4j-native-0.9.1-linux-x86_64.jar/org/nd4j/nativeblas/linux-x86_64/libjnind4jcpu.so
7f4912655000-7f4912855000 ---p 000a1000 08:01 473324                     /home/sherman/.javacpp/cache/nd4j-native-0.9.1-linux-x86_64.jar/org/nd4j/nativeblas/linux-x86_64/libjnind4jcpu.so
7f4912855000-7f4912856000 rw-p 000a1000 08:01 473324                     /home/sherman/.javacpp/cache/nd4j-native-0.9.1-linux-x86_64.jar/org/nd4j/nativeblas/linux-x86_64/libjnind4jcpu.so
7f4912856000-7f4912be4000 r-xp 00000000 08:01 473323                     /home/sherman/.javacpp/cache/nd4j-native-0.9.1-linux-x86_64.jar/org/nd4j/nativeblas/linux-x86_64/libnd4jcpu.so
7f4912be4000-7f4912de4000 ---p 0038e000 08:01 473323                     /home/sherman/.javacpp/cache/nd4j-native-0.9.1-linux-x86_64.jar/org/nd4j/nativeblas/linux-x86_64/libnd4jcpu.so
7f4912de4000-7f4912de6000 rw-p 0038e000 08:01 473323                     /home/sherman/.javacpp/cache/nd4j-native-0.9.1-linux-x86_64.jar/org/nd4j/nativeblas/linux-x86_64/libnd4jcpu.so
7f4912de6000-7f4912dfb000 r-xp 00000000 08:01 473321                     /home/sherman/.javacpp/cache/nd4j-native-0.9.1-linux-x86_64.jar/org/nd4j/nativeblas/linux-x86_64/libgomp.so.1
7f4912dfb000-7f4912ffa000 ---p 00015000 08:01 473321                     /home/sherman/.javacpp/cache/nd4j-native-0.9.1-linux-x86_64.jar/org/nd4j/nativeblas/linux-x86_64/libgomp.so.1
7f4912ffa000-7f4912ffb000 rw-p 00014000 08:01 473321                     /home/sherman/.javacpp/cache/nd4j-native-0.9.1-linux-x86_64.jar/org/nd4j/nativeblas/linux-x86_64/libgomp.so.1
7f4912ffb000-7f4912fff000 ---p 00000000 00:00 0 
7f4912fff000-7f49130fc000 rw-p 00000000 00:00 0 
7f49130fc000-7f4913100000 ---p 00000000 00:00 0 
7f4913100000-7f49133fd000 rw-p 00000000 00:00 0 
7f49133fd000-7f4913401000 ---p 00000000 00:00 0 
7f4913401000-7f49134fe000 rw-p 00000000 00:00 0 
7f49134fe000-7f4913502000 ---p 00000000 00:00 0 
7f4913502000-7f49137ff000 rw-p 00000000 00:00 0 
7f49137ff000-7f4913800000 ---p 00000000 00:00 0 
7f4913800000-7f4914000000 rw-p 00000000 00:00 0 
7f4914000000-7f4914021000 rw-p 00000000 00:00 0 
7f4914021000-7f4918000000 ---p 00000000 00:00 0 
7f4918028000-7f4918228000 rw-p 00000000 00:00 0 
7f4918228000-7f491822c000 ---p 00000000 00:00 0 
7f491822c000-7f4918329000 rw-p 00000000 00:00 0 
7f4918329000-7f491832e000 r-xp 00000000 08:01 13709                      /usr/lib/x86_64-linux-gnu/libXfixes.so.3.1.0
7f491832e000-7f491852d000 ---p 00005000 08:01 13709                      /usr/lib/x86_64-linux-gnu/libXfixes.so.3.1.0
7f491852d000-7f491852e000 r--p 00004000 08:01 13709                      /usr/lib/x86_64-linux-gnu/libXfixes.so.3.1.0
7f491852e000-7f491852f000 rw-p 00005000 08:01 13709                      /usr/lib/x86_64-linux-gnu/libXfixes.so.3.1.0
7f491852f000-7f4918538000 r-xp 00000000 08:01 13701                      /usr/lib/x86_64-linux-gnu/libXcursor.so.1.0.2
7f4918538000-7f4918737000 ---p 00009000 08:01 13701                      /usr/lib/x86_64-linux-gnu/libXcursor.so.1.0.2
7f4918737000-7f4918738000 r--p 00008000 08:01 13701                      /usr/lib/x86_64-linux-gnu/libXcursor.so.1.0.2
7f4918738000-7f4918739000 rw-p 00009000 08:01 13701                      /usr/lib/x86_64-linux-gnu/libXcursor.so.1.0.2
7f4918739000-7f491874f000 r-xp 00000000 08:01 400207                     /lib/x86_64-linux-gnu/libgcc_s.so.1
7f491874f000-7f491894e000 ---p 00016000 08:01 400207                     /lib/x86_64-linux-gnu/libgcc_s.so.1
7f491894e000-7f491894f000 rw-p 00015000 08:01 400207                     /lib/x86_64-linux-gnu/libgcc_s.so.1
7f491894f000-7f4918ac1000 r-xp 00000000 08:01 14865                      /usr/lib/x86_64-linux-gnu/libstdc++.so.6.0.21
7f4918ac1000-7f4918cc1000 ---p 00172000 08:01 14865                      /usr/lib/x86_64-linux-gnu/libstdc++.so.6.0.21
7f4918cc1000-7f4918ccb000 r--p 00172000 08:01 14865                      /usr/lib/x86_64-linux-gnu/libstdc++.so.6.0.21
7f4918ccb000-7f4918ccd000 rw-p 0017c000 08:01 14865                      /usr/lib/x86_64-linux-gnu/libstdc++.so.6.0.21
7f4918ccd000-7f4918cd1000 rw-p 00000000 00:00 0 
7f4918dc2000-7f4918dc6000 ---p 00000000 00:00 0 
7f4918dc6000-7f4918ec3000 rw-p 00000000 00:00 0 
7f4918ec3000-7f4918ef3000 r-xp 00000000 08:01 135884                     /usr/lib/x86_64-linux-gnu/gio/modules/libgvfsdbus.so
7f4918ef3000-7f49190f3000 ---p 00030000 08:01 135884                     /usr/lib/x86_64-linux-gnu/gio/modules/libgvfsdbus.so
7f49190f3000-7f49190f4000 r--p 00030000 08:01 135884                     /usr/lib/x86_64-linux-gnu/gio/modules/libgvfsdbus.so
7f49190f4000-7f49190f6000 rw-p 00031000 08:01 135884                     /usr/lib/x86_64-linux-gnu/gio/modules/libgvfsdbus.so
7f49190f6000-7f4919101000 r-xp 00000000 08:01 135879                     /usr/lib/x86_64-linux-gnu/gio/modules/libdconfsettings.so
7f4919101000-7f4919301000 ---p 0000b000 08:01 135879                     /usr/lib/x86_64-linux-gnu/gio/modules/libdconfsettings.so
7f4919301000-7f4919302000 r--p 0000b000 08:01 135879                     /usr/lib/x86_64-linux-gnu/gio/modules/libdconfsettings.so
7f4919302000-7f4919303000 rw-p 0000c000 08:01 135879                     /usr/lib/x86_64-linux-gnu/gio/modules/libdconfsettings.so
7f4919303000-7f4919304000 ---p 00000000 00:00 0 
7f4919304000-7f4919b04000 rw-p 00000000 00:00 0 
7f4919b04000-7f4919b05000 ---p 00000000 00:00 0 
7f4919b05000-7f491a305000 rw-p 00000000 00:00 0 
7f491a305000-7f491a33b000 r-xp 00000000 08:01 136444                     /usr/lib/x86_64-linux-gnu/gvfs/libgvfscommon.so
7f491a33b000-7f491a53b000 ---p 00036000 08:01 136444                     /usr/lib/x86_64-linux-gnu/gvfs/libgvfscommon.so
7f491a53b000-7f491a540000 r--p 00036000 08:01 136444                     /usr/lib/x86_64-linux-gnu/gvfs/libgvfscommon.so
7f491a540000-7f491a541000 rw-p 0003b000 08:01 136444                     /usr/lib/x86_64-linux-gnu/gvfs/libgvfscommon.so
7f491a541000-7f491a55a000 r-xp 00000000 08:01 135883                     /usr/lib/x86_64-linux-gnu/gio/modules/libgioremote-volume-monitor.so
7f491a55a000-7f491a75a000 ---p 00019000 08:01 135883                     /usr/lib/x86_64-linux-gnu/gio/modules/libgioremote-volume-monitor.so
7f491a75a000-7f491a75d000 r--p 00019000 08:01 135883                     /usr/lib/x86_64-linux-gnu/gio/modules/libgioremote-volume-monitor.so
7f491a75d000-7f491a75e000 rw-p 0001c000 08:01 135883                     /usr/lib/x86_64-linux-gnu/gio/modules/libgioremote-volume-monitor.so
7f491a75e000-7f491a7cc000 r-xp 00000000 08:01 400298                     /lib/x86_64-linux-gnu/libpcre.so.3.13.2
7f491a7cc000-7f491a9cc000 ---p 0006e000 08:01 400298                     /lib/x86_64-linux-gnu/libpcre.so.3.13.2
7f491a9cc000-7f491a9cd000 r--p 0006e000 08:01 400298                     /lib/x86_64-linux-gnu/libpcre.so.3.13.2
7f491a9cd000-7f491a9ce000 rw-p 0006f000 08:01 400298                     /lib/x86_64-linux-gnu/libpcre.so.3.13.2
7f491a9ce000-7f491a9d5000 r-xp 00000000 08:01 14084                      /usr/lib/x86_64-linux-gnu/libffi.so.6.0.4
7f491a9d5000-7f491abd4000 ---p 00007000 08:01 14084                      /usr/lib/x86_64-linux-gnu/libffi.so.6.0.4
7f491abd4000-7f491abd5000 r--p 00006000 08:01 14084                      /usr/lib/x86_64-linux-gnu/libffi.so.6.0.4
7f491abd5000-7f491abd6000 rw-p 00007000 08:01 14084                      /usr/lib/x86_64-linux-gnu/libffi.so.6.0.4
7f491abd6000-7f491abed000 r-xp 00000000 08:01 400321                     /lib/x86_64-linux-gnu/libresolv-2.23.so
7f491abed000-7f491aded000 ---p 00017000 08:01 400321                     /lib/x86_64-linux-gnu/libresolv-2.23.so
7f491aded000-7f491adee000 r--p 00017000 08:01 400321                     /lib/x86_64-linux-gnu/libresolv-2.23.so
7f491adee000-7f491adef000 rw-p 00018000 08:01 400321                     /lib/x86_64-linux-gnu/libresolv-2.23.so
7f491adef000-7f491adf1000 rw-p 00000000 00:00 0 
7f491adf1000-7f491ae10000 r-xp 00000000 08:01 400327                     /lib/x86_64-linux-gnu/libselinux.so.1
7f491ae10000-7f491b00f000 ---p 0001f000 08:01 400327                     /lib/x86_64-linux-gnu/libselinux.so.1
7f491b00f000-7f491b010000 r--p 0001e000 08:01 400327                     /lib/x86_64-linux-gnu/libselinux.so.1
7f491b010000-7f491b011000 rw-p 0001f000 08:01 400327                     /lib/x86_64-linux-gnu/libselinux.so.1
7f491b011000-7f491b013000 rw-p 00000000 00:00 0 
7f491b013000-7f491b122000 r-xp 00000000 08:01 400211                     /lib/x86_64-linux-gnu/libglib-2.0.so.0.4800.2
7f491b122000-7f491b321000 ---p 0010f000 08:01 400211                     /lib/x86_64-linux-gnu/libglib-2.0.so.0.4800.2
7f491b321000-7f491b322000 r--p 0010e000 08:01 400211                     /lib/x86_64-linux-gnu/libglib-2.0.so.0.4800.2
7f491b322000-7f491b323000 rw-p 0010f000 08:01 400211                     /lib/x86_64-linux-gnu/libglib-2.0.so.0.4800.2
7f491b323000-7f491b324000 rw-p 00000000 00:00 0 
7f491b324000-7f491b327000 r-xp 00000000 08:01 14215                      /usr/lib/x86_64-linux-gnu/libgmodule-2.0.so.0.4800.2
7f491b327000-7f491b526000 ---p 00003000 08:01 14215                      /usr/lib/x86_64-linux-gnu/libgmodule-2.0.so.0.4800.2
7f491b526000-7f491b527000 r--p 00002000 08:01 14215                      /usr/lib/x86_64-linux-gnu/libgmodule-2.0.so.0.4800.2
7f491b527000-7f491b528000 rw-p 00003000 08:01 14215                      /usr/lib/x86_64-linux-gnu/libgmodule-2.0.so.0.4800.2
7f491b528000-7f491b57a000 r-xp 00000000 08:01 14239                      /usr/lib/x86_64-linux-gnu/libgobject-2.0.so.0.4800.2
7f491b57a000-7f491b779000 ---p 00052000 08:01 14239                      /usr/lib/x86_64-linux-gnu/libgobject-2.0.so.0.4800.2
7f491b779000-7f491b77a000 r--p 00051000 08:01 14239                      /usr/lib/x86_64-linux-gnu/libgobject-2.0.so.0.4800.2
7f491b77a000-7f491b77b000 rw-p 00052000 08:01 14239                      /usr/lib/x86_64-linux-gnu/libgobject-2.0.so.0.4800.2
7f491b77b000-7f491b8fb000 r-xp 00000000 08:01 14201                      /usr/lib/x86_64-linux-gnu/libgio-2.0.so.0.4800.2
7f491b8fb000-7f491bafb000 ---p 00180000 08:01 14201                      /usr/lib/x86_64-linux-gnu/libgio-2.0.so.0.4800.2
7f491bafb000-7f491baff000 r--p 00180000 08:01 14201                      /usr/lib/x86_64-linux-gnu/libgio-2.0.so.0.4800.2
7f491baff000-7f491bb01000 rw-p 00184000 08:01 14201                      /usr/lib/x86_64-linux-gnu/libgio-2.0.so.0.4800.2
7f491bb01000-7f491bb03000 rw-p 00000000 00:00 0 
7f491bb03000-7f491bb0d000 r-xp 00000000 08:01 13727                      /usr/lib/x86_64-linux-gnu/libXrandr.so.2.2.0
7f491bb0d000-7f491bd0c000 ---p 0000a000 08:01 13727                      /usr/lib/x86_64-linux-gnu/libXrandr.so.2.2.0
7f491bd0c000-7f491bd0d000 r--p 00009000 08:01 13727                      /usr/lib/x86_64-linux-gnu/libXrandr.so.2.2.0
7f491bd0d000-7f491bd0e000 rw-p 0000a000 08:01 13727                      /usr/lib/x86_64-linux-gnu/libXrandr.so.2.2.0
7f491bd0e000-7f491bde8000 r-xp 00000000 08:01 186556                     /usr/lib/jvm/java-9-oracle/lib/libfontmanager.so
7f491bde8000-7f491bfe8000 ---p 000da000 08:01 186556                     /usr/lib/jvm/java-9-oracle/lib/libfontmanager.so
7f491bfe8000-7f491bfed000 rw-p 000da000 08:01 186556                     /usr/lib/jvm/java-9-oracle/lib/libfontmanager.so
7f491bfed000-7f491c000000 rw-p 00000000 00:00 0 
7f491c000000-7f491ffbb000 rw-p 00000000 00:00 0 
7f491ffbb000-7f4920000000 ---p 00000000 00:00 0 
7f4920000000-7f4920c90000 rw-p 00000000 00:00 0 
7f4920c90000-7f4924000000 ---p 00000000 00:00 0 
7f4924000000-7f4924021000 rw-p 00000000 00:00 0 
7f4924021000-7f4928000000 ---p 00000000 00:00 0 
7f49280d0000-7f4928116000 r--p 00000000 08:01 402100                     /usr/share/glib-2.0/schemas/gschemas.compiled
7f4928116000-7f4928316000 rw-p 00000000 00:00 0 
7f4928316000-7f492831b000 r-xp 00000000 08:01 13705                      /usr/lib/x86_64-linux-gnu/libXdmcp.so.6.0.0
7f492831b000-7f492851a000 ---p 00005000 08:01 13705                      /usr/lib/x86_64-linux-gnu/libXdmcp.so.6.0.0
7f492851a000-7f492851b000 r--p 00004000 08:01 13705                      /usr/lib/x86_64-linux-gnu/libXdmcp.so.6.0.0
7f492851b000-7f492851c000 rw-p 00005000 08:01 13705                      /usr/lib/x86_64-linux-gnu/libXdmcp.so.6.0.0
7f492851c000-7f492851e000 r-xp 00000000 08:01 13694                      /usr/lib/x86_64-linux-gnu/libXau.so.6.0.0
7f492851e000-7f492871e000 ---p 00002000 08:01 13694                      /usr/lib/x86_64-linux-gnu/libXau.so.6.0.0
7f492871e000-7f492871f000 r--p 00002000 08:01 13694                      /usr/lib/x86_64-linux-gnu/libXau.so.6.0.0
7f492871f000-7f4928720000 rw-p 00003000 08:01 13694                      /usr/lib/x86_64-linux-gnu/libXau.so.6.0.0
7f4928720000-7f4928741000 r-xp 00000000 08:01 15114                      /usr/lib/x86_64-linux-gnu/libxcb.so.1.1.0
7f4928741000-7f4928940000 ---p 00021000 08:01 15114                      /usr/lib/x86_64-linux-gnu/libxcb.so.1.1.0
7f4928940000-7f4928941000 r--p 00020000 08:01 15114                      /usr/lib/x86_64-linux-gnu/libxcb.so.1.1.0
7f4928941000-7f4928942000 rw-p 00021000 08:01 15114                      /usr/lib/x86_64-linux-gnu/libxcb.so.1.1.0
7f4928942000-7f4928951000 r-xp 00000000 08:01 13717                      /usr/lib/x86_64-linux-gnu/libXi.so.6.1.0
7f4928951000-7f4928b50000 ---p 0000f000 08:01 13717                      /usr/lib/x86_64-linux-gnu/libXi.so.6.1.0
7f4928b50000-7f4928b51000 r--p 0000e000 08:01 13717                      /usr/lib/x86_64-linux-gnu/libXi.so.6.1.0
7f4928b51000-7f4928b52000 rw-p 0000f000 08:01 13717                      /usr/lib/x86_64-linux-gnu/libXi.so.6.1.0
7f4928b52000-7f4928b57000 r-xp 00000000 08:01 13735                      /usr/lib/x86_64-linux-gnu/libXtst.so.6.1.0
7f4928b57000-7f4928d56000 ---p 00005000 08:01 13735                      /usr/lib/x86_64-linux-gnu/libXtst.so.6.1.0
7f4928d56000-7f4928d57000 r--p 00004000 08:01 13735                      /usr/lib/x86_64-linux-gnu/libXtst.so.6.1.0
7f4928d57000-7f4928d58000 rw-p 00005000 08:01 13735                      /usr/lib/x86_64-linux-gnu/libXtst.so.6.1.0
7f4928d58000-7f4928d61000 r-xp 00000000 08:01 13729                      /usr/lib/x86_64-linux-gnu/libXrender.so.1.3.0
7f4928d61000-7f4928f60000 ---p 00009000 08:01 13729                      /usr/lib/x86_64-linux-gnu/libXrender.so.1.3.0
7f4928f60000-7f4928f61000 r--p 00008000 08:01 13729                      /usr/lib/x86_64-linux-gnu/libXrender.so.1.3.0
7f4928f61000-7f4928f62000 rw-p 00009000 08:01 13729                      /usr/lib/x86_64-linux-gnu/libXrender.so.1.3.0
7f4928f62000-7f4929097000 r-xp 00000000 08:01 13690                      /usr/lib/x86_64-linux-gnu/libX11.so.6.3.0
7f4929097000-7f4929297000 ---p 00135000 08:01 13690                      /usr/lib/x86_64-linux-gnu/libX11.so.6.3.0
7f4929297000-7f4929298000 r--p 00135000 08:01 13690                      /usr/lib/x86_64-linux-gnu/libX11.so.6.3.0
7f4929298000-7f492929c000 rw-p 00136000 08:01 13690                      /usr/lib/x86_64-linux-gnu/libX11.so.6.3.0
7f492929c000-7f49292ad000 r-xp 00000000 08:01 13707                      /usr/lib/x86_64-linux-gnu/libXext.so.6.4.0
7f49292ad000-7f49294ac000 ---p 00011000 08:01 13707                      /usr/lib/x86_64-linux-gnu/libXext.so.6.4.0
7f49294ac000-7f49294ad000 r--p 00010000 08:01 13707                      /usr/lib/x86_64-linux-gnu/libXext.so.6.4.0
7f49294ad000-7f49294ae000 rw-p 00011000 08:01 13707                      /usr/lib/x86_64-linux-gnu/libXext.so.6.4.0
7f49294ae000-7f492950c000 r-xp 00000000 08:01 186504                     /usr/lib/jvm/java-9-oracle/lib/libawt_xawt.so
7f492950c000-7f492970c000 ---p 0005e000 08:01 186504                     /usr/lib/jvm/java-9-oracle/lib/libawt_xawt.so
7f492970c000-7f492970f000 rw-p 0005e000 08:01 186504                     /usr/lib/jvm/java-9-oracle/lib/libawt_xawt.so
7f492970f000-7f4929711000 rw-p 00000000 00:00 0 
7f4929711000-7f49297af000 r-xp 00000000 08:01 186576                     /usr/lib/jvm/java-9-oracle/lib/libawt.so
7f49297af000-7f49299af000 ---p 0009e000 08:01 186576                     /usr/lib/jvm/java-9-oracle/lib/libawt.so
7f49299af000-7f49299bb000 rw-p 0009e000 08:01 186576                     /usr/lib/jvm/java-9-oracle/lib/libawt.so
7f49299bb000-7f4929bdf000 rw-p 00000000 00:00 0 
7f4929bdf000-7f4929ddf000 rw-p 00000000 00:00 0 
7f4929ddf000-7f4929de3000 ---p 00000000 00:00 0 
7f4929de3000-7f492a0e0000 rw-p 00000000 00:00 0 
7f492a0e0000-7f492a2e0000 rw-p 00000000 00:00 0 
7f492a2e0000-7f492a4e0000 rw-p 00000000 00:00 0 
7f492a4e0000-7f492a6e0000 rw-p 00000000 00:00 0 
7f492a6e0000-7f492a8e0000 rw-p 00000000 00:00 0 
7f492a8e0000-7f492aae0000 rw-p 00000000 00:00 0 
7f492aae0000-7f492aae2000 r-xp 00000000 08:01 400350                     /lib/x86_64-linux-gnu/libutil-2.23.so
7f492aae2000-7f492ace1000 ---p 00002000 08:01 400350                     /lib/x86_64-linux-gnu/libutil-2.23.so
7f492ace1000-7f492ace2000 r--p 00001000 08:01 400350                     /lib/x86_64-linux-gnu/libutil-2.23.so
7f492ace2000-7f492ace3000 rw-p 00002000 08:01 400350                     /lib/x86_64-linux-gnu/libutil-2.23.so
7f492ace3000-7f492ace6000 r-xp 00000000 00:2c 123                        /home/sherman/win-dev-share/maven/lib/jansi-native/linux64/libjansi.so
7f492ace6000-7f492aee5000 ---p 00003000 00:2c 123                        /home/sherman/win-dev-share/maven/lib/jansi-native/linux64/libjansi.so
7f492aee5000-7f492aee6000 rw-p 00002000 00:2c 123                        /home/sherman/win-dev-share/maven/lib/jansi-native/linux64/libjansi.so
7f492aee6000-7f492aee7000 ---p 00000000 00:00 0 
7f492aee7000-7f492afe7000 rw-p 00000000 00:00 0 
7f492afe7000-7f492afeb000 ---p 00000000 00:00 0 
7f492afeb000-7f492b0e8000 rw-p 00000000 00:00 0 
7f492b0e8000-7f492b0fe000 r-xp 00000000 08:01 186534                     /usr/lib/jvm/java-9-oracle/lib/libnet.so
7f492b0fe000-7f492b2fe000 ---p 00016000 08:01 186534                     /usr/lib/jvm/java-9-oracle/lib/libnet.so
7f492b2fe000-7f492b2ff000 rw-p 00016000 08:01 186534                     /usr/lib/jvm/java-9-oracle/lib/libnet.so
7f492b2ff000-7f492b30f000 r-xp 00000000 08:01 186580                     /usr/lib/jvm/java-9-oracle/lib/libnio.so
7f492b30f000-7f492b50f000 ---p 00010000 08:01 186580                     /usr/lib/jvm/java-9-oracle/lib/libnio.so
7f492b50f000-7f492b510000 rw-p 00010000 08:01 186580                     /usr/lib/jvm/java-9-oracle/lib/libnio.so
7f492b510000-7f492c000000 r--p 00000000 08:01 11304                      /usr/lib/locale/locale-archive
7f492c000000-7f492c021000 rw-p 00000000 00:00 0 
7f492c021000-7f4930000000 ---p 00000000 00:00 0 
7f4930000000-7f4930021000 rw-p 00000000 00:00 0 
7f4930021000-7f4934000000 ---p 00000000 00:00 0 
7f4934000000-7f4934244000 rw-p 00000000 00:00 0 
7f4934244000-7f4938000000 ---p 00000000 00:00 0 
7f4938032000-7f4938036000 ---p 00000000 00:00 0 
7f4938036000-7f4938133000 rw-p 00000000 00:00 0 
7f4938133000-7f4938137000 ---p 00000000 00:00 0 
7f4938137000-7f4938234000 rw-p 00000000 00:00 0 
7f4938234000-7f4938238000 ---p 00000000 00:00 0 
7f4938238000-7f4938335000 rw-p 00000000 00:00 0 
7f4938335000-7f4938339000 ---p 00000000 00:00 0 
7f4938339000-7f4938436000 rw-p 00000000 00:00 0 
7f4938436000-7f493843a000 ---p 00000000 00:00 0 
7f493843a000-7f4938537000 rw-p 00000000 00:00 0 
7f4938537000-7f493853b000 ---p 00000000 00:00 0 
7f493853b000-7f4938638000 rw-p 00000000 00:00 0 
7f4938638000-7f493863c000 ---p 00000000 00:00 0 
7f493863c000-7f4938739000 rw-p 00000000 00:00 0 
7f4938739000-7f493873a000 ---p 00000000 00:00 0 
7f493873a000-7f493910b000 rw-p 00000000 00:00 0 
7f493910b000-7f4939119000 rw-p 00000000 00:00 0 
7f4939119000-7f493915e000 ---p 00000000 00:00 0 
7f493915e000-7f493917b000 rw-p 00000000 00:00 0 
7f493917b000-7f4939205000 ---p 00000000 00:00 0 
7f4939205000-7f493920e000 rw-p 00000000 00:00 0 
7f493920e000-7f49392f1000 ---p 00000000 00:00 0 
7f49392f1000-7f4939561000 rwxp 00000000 00:00 0 
7f4939561000-7f4939880000 ---p 00000000 00:00 0 
7f4939880000-7f493a770000 rwxp 00000000 00:00 0 
7f493a770000-7f4940db8000 ---p 00000000 00:00 0 
7f4940db8000-7f49411a8000 rwxp 00000000 00:00 0 
7f49411a8000-7f49482f1000 ---p 00000000 00:00 0 
7f49482f1000-7f49537ae000 r--s 00000000 08:01 186561                     /usr/lib/jvm/java-9-oracle/lib/modules
7f49537ae000-7f49537c8000 r-xp 00000000 08:01 186510                     /usr/lib/jvm/java-9-oracle/lib/libjimage.so
7f49537c8000-7f49539c7000 ---p 0001a000 08:01 186510                     /usr/lib/jvm/java-9-oracle/lib/libjimage.so
7f49539c7000-7f49539c9000 rw-p 00019000 08:01 186510                     /usr/lib/jvm/java-9-oracle/lib/libjimage.so
7f49539c9000-7f49539db000 rw-p 00000000 00:00 0 
7f49539db000-7f49539e2000 r-xp 00000000 08:01 186588                     /usr/lib/jvm/java-9-oracle/lib/libzip.so
7f49539e2000-7f4953be1000 ---p 00007000 08:01 186588                     /usr/lib/jvm/java-9-oracle/lib/libzip.so
7f4953be1000-7f4953be2000 rw-p 00006000 08:01 186588                     /usr/lib/jvm/java-9-oracle/lib/libzip.so
7f4953be2000-7f4953bed000 r-xp 00000000 08:01 400268                     /lib/x86_64-linux-gnu/libnss_files-2.23.so
7f4953bed000-7f4953dec000 ---p 0000b000 08:01 400268                     /lib/x86_64-linux-gnu/libnss_files-2.23.so
7f4953dec000-7f4953ded000 r--p 0000a000 08:01 400268                     /lib/x86_64-linux-gnu/libnss_files-2.23.so
7f4953ded000-7f4953dee000 rw-p 0000b000 08:01 400268                     /lib/x86_64-linux-gnu/libnss_files-2.23.so
7f4953dee000-7f4953df4000 rw-p 00000000 00:00 0 
7f4953df4000-7f4953dff000 r-xp 00000000 08:01 400278                     /lib/x86_64-linux-gnu/libnss_nis-2.23.so
7f4953dff000-7f4953ffe000 ---p 0000b000 08:01 400278                     /lib/x86_64-linux-gnu/libnss_nis-2.23.so
7f4953ffe000-7f4953fff000 r--p 0000a000 08:01 400278                     /lib/x86_64-linux-gnu/libnss_nis-2.23.so
7f4953fff000-7f4954000000 rw-p 0000b000 08:01 400278                     /lib/x86_64-linux-gnu/libnss_nis-2.23.so
7f4954000000-7f4954a62000 rw-p 00000000 00:00 0 
7f4954a62000-7f4958000000 ---p 00000000 00:00 0 
7f4958012000-7f4958061000 rw-p 00000000 00:00 0 
7f4958061000-7f495812e000 ---p 00000000 00:00 0 
7f495812e000-7f4958144000 r-xp 00000000 08:01 400262                     /lib/x86_64-linux-gnu/libnsl-2.23.so
7f4958144000-7f4958343000 ---p 00016000 08:01 400262                     /lib/x86_64-linux-gnu/libnsl-2.23.so
7f4958343000-7f4958344000 r--p 00015000 08:01 400262                     /lib/x86_64-linux-gnu/libnsl-2.23.so
7f4958344000-7f4958345000 rw-p 00016000 08:01 400262                     /lib/x86_64-linux-gnu/libnsl-2.23.so
7f4958345000-7f4958347000 rw-p 00000000 00:00 0 
7f4958347000-7f495834f000 r-xp 00000000 08:01 400264                     /lib/x86_64-linux-gnu/libnss_compat-2.23.so
7f495834f000-7f495854e000 ---p 00008000 08:01 400264                     /lib/x86_64-linux-gnu/libnss_compat-2.23.so
7f495854e000-7f495854f000 r--p 00007000 08:01 400264                     /lib/x86_64-linux-gnu/libnss_compat-2.23.so
7f495854f000-7f4958550000 rw-p 00008000 08:01 400264                     /lib/x86_64-linux-gnu/libnss_compat-2.23.so
7f4958550000-7f495857b000 r-xp 00000000 08:01 186527                     /usr/lib/jvm/java-9-oracle/lib/libjava.so
7f495857b000-7f495877a000 ---p 0002b000 08:01 186527                     /usr/lib/jvm/java-9-oracle/lib/libjava.so
7f495877a000-7f495877c000 rw-p 0002a000 08:01 186527                     /usr/lib/jvm/java-9-oracle/lib/libjava.so
7f495877c000-7f4958789000 r-xp 00000000 08:01 186546                     /usr/lib/jvm/java-9-oracle/lib/libverify.so
7f4958789000-7f4958988000 ---p 0000d000 08:01 186546                     /usr/lib/jvm/java-9-oracle/lib/libverify.so
7f4958988000-7f495898a000 rw-p 0000c000 08:01 186546                     /usr/lib/jvm/java-9-oracle/lib/libverify.so
7f495898a000-7f4958991000 r-xp 00000000 08:01 400323                     /lib/x86_64-linux-gnu/librt-2.23.so
7f4958991000-7f4958b90000 ---p 00007000 08:01 400323                     /lib/x86_64-linux-gnu/librt-2.23.so
7f4958b90000-7f4958b91000 r--p 00006000 08:01 400323                     /lib/x86_64-linux-gnu/librt-2.23.so
7f4958b91000-7f4958b92000 rw-p 00007000 08:01 400323                     /lib/x86_64-linux-gnu/librt-2.23.so
7f4958b92000-7f4958c9a000 r-xp 00000000 08:01 400239                     /lib/x86_64-linux-gnu/libm-2.23.so
7f4958c9a000-7f4958e99000 ---p 00108000 08:01 400239                     /lib/x86_64-linux-gnu/libm-2.23.so
7f4958e99000-7f4958e9a000 r--p 00107000 08:01 400239                     /lib/x86_64-linux-gnu/libm-2.23.so
7f4958e9a000-7f4958e9b000 rw-p 00108000 08:01 400239                     /lib/x86_64-linux-gnu/libm-2.23.so
7f4958e9b000-7f4959eb0000 r-xp 00000000 08:01 269286                     /usr/lib/jvm/java-9-oracle/lib/server/libjvm.so
7f4959eb0000-7f495a0af000 ---p 01015000 08:01 269286                     /usr/lib/jvm/java-9-oracle/lib/server/libjvm.so
7f495a0af000-7f495a180000 r--p 01014000 08:01 269286                     /usr/lib/jvm/java-9-oracle/lib/server/libjvm.so
7f495a180000-7f495a1b7000 rw-p 010e5000 08:01 269286                     /usr/lib/jvm/java-9-oracle/lib/server/libjvm.so
7f495a1b7000-7f495a220000 rw-p 00000000 00:00 0 
7f495a220000-7f495a3e0000 r-xp 00000000 08:01 400169                     /lib/x86_64-linux-gnu/libc-2.23.so
7f495a3e0000-7f495a5e0000 ---p 001c0000 08:01 400169                     /lib/x86_64-linux-gnu/libc-2.23.so
7f495a5e0000-7f495a5e4000 r--p 001c0000 08:01 400169                     /lib/x86_64-linux-gnu/libc-2.23.so
7f495a5e4000-7f495a5e6000 rw-p 001c4000 08:01 400169                     /lib/x86_64-linux-gnu/libc-2.23.so
7f495a5e6000-7f495a5ea000 rw-p 00000000 00:00 0 
7f495a5ea000-7f495a5ed000 r-xp 00000000 08:01 400193                     /lib/x86_64-linux-gnu/libdl-2.23.so
7f495a5ed000-7f495a7ec000 ---p 00003000 08:01 400193                     /lib/x86_64-linux-gnu/libdl-2.23.so
7f495a7ec000-7f495a7ed000 r--p 00002000 08:01 400193                     /lib/x86_64-linux-gnu/libdl-2.23.so
7f495a7ed000-7f495a7ee000 rw-p 00003000 08:01 400193                     /lib/x86_64-linux-gnu/libdl-2.23.so
7f495a7ee000-7f495a7fc000 r-xp 00000000 08:01 269288                     /usr/lib/jvm/java-9-oracle/lib/jli/libjli.so
7f495a7fc000-7f495a9fc000 ---p 0000e000 08:01 269288                     /usr/lib/jvm/java-9-oracle/lib/jli/libjli.so
7f495a9fc000-7f495a9fd000 rw-p 0000e000 08:01 269288                     /usr/lib/jvm/java-9-oracle/lib/jli/libjli.so
7f495a9fd000-7f495aa15000 r-xp 00000000 08:01 400315                     /lib/x86_64-linux-gnu/libpthread-2.23.so
7f495aa15000-7f495ac14000 ---p 00018000 08:01 400315                     /lib/x86_64-linux-gnu/libpthread-2.23.so
7f495ac14000-7f495ac15000 r--p 00017000 08:01 400315                     /lib/x86_64-linux-gnu/libpthread-2.23.so
7f495ac15000-7f495ac16000 rw-p 00018000 08:01 400315                     /lib/x86_64-linux-gnu/libpthread-2.23.so
7f495ac16000-7f495ac1a000 rw-p 00000000 00:00 0 
7f495ac1a000-7f495ac33000 r-xp 00000000 08:01 400360                     /lib/x86_64-linux-gnu/libz.so.1.2.8
7f495ac33000-7f495ae32000 ---p 00019000 08:01 400360                     /lib/x86_64-linux-gnu/libz.so.1.2.8
7f495ae32000-7f495ae33000 r--p 00018000 08:01 400360                     /lib/x86_64-linux-gnu/libz.so.1.2.8
7f495ae33000-7f495ae34000 rw-p 00019000 08:01 400360                     /lib/x86_64-linux-gnu/libz.so.1.2.8
7f495ae34000-7f495ae5a000 r-xp 00000000 08:01 400141                     /lib/x86_64-linux-gnu/ld-2.23.so
7f495ae66000-7f495ae6b000 r--p 00000000 08:01 185601                     /home/sherman/.config/dconf/user
7f495ae6b000-7f495aeaf000 rw-p 00000000 00:00 0 
7f495aeaf000-7f495af3a000 ---p 00000000 00:00 0 
7f495af3a000-7f495af3f000 ---p 00000000 00:00 0 
7f495af3f000-7f495b040000 rw-p 00000000 00:00 0 
7f495b042000-7f495b043000 r--s 00000000 00:2f 33                         /run/user/1000/dconf/user
7f495b043000-7f495b048000 rw-p 00000000 00:00 0 
7f495b048000-7f495b04f000 ---p 00000000 00:00 0 
7f495b04f000-7f495b057000 rw-s 00000000 08:01 15534                      /tmp/hsperfdata_sherman/5671
7f495b057000-7f495b058000 rw-p 00000000 00:00 0 
7f495b058000-7f495b059000 r--p 00000000 00:00 0 
7f495b059000-7f495b05a000 r--p 00025000 08:01 400141                     /lib/x86_64-linux-gnu/ld-2.23.so
7f495b05a000-7f495b05b000 rw-p 00026000 08:01 400141                     /lib/x86_64-linux-gnu/ld-2.23.so
7f495b05b000-7f495b05c000 rw-p 00000000 00:00 0 
7ffec4817000-7ffec4839000 rw-p 00000000 00:00 0                          [stack]
7ffec494e000-7ffec4951000 r--p 00000000 00:00 0                          [vvar]
7ffec4951000-7ffec4953000 r-xp 00000000 00:00 0                          [vdso]
ffffffffff600000-ffffffffff601000 r-xp 00000000 00:00 0                  [vsyscall]

VM Arguments:
jvm_args: -Dclassworlds.conf=/home/sherman/win-dev-share/maven/bin/m2.conf -Dmaven.home=/home/sherman/win-dev-share/maven -Dlibrary.jansi.path=/home/sherman/win-dev-share/maven/lib/jansi-native -Dmaven.multiModuleProjectDirectory=/home/sherman/win-dev-share/projects/ml/ml-tools 
java_command: org.codehaus.plexus.classworlds.launcher.Launcher exec:java
java_class_path (initial): /home/sherman/win-dev-share/maven/boot/plexus-classworlds-2.5.2.jar
Launcher Type: SUN_STANDARD

Logging:
Log output configuration:
#0: stdout all=warning uptime,level,tags
#1: stderr all=off uptime,level,tags

Environment Variables:
JAVA_HOME=/usr/lib/jvm/java-9-oracle/
PATH=/home/sherman/bin:/home/sherman/.local/bin:/usr/local/sbin:/usr/local/bin:/usr/sbin:/usr/bin:/sbin:/bin:/usr/games:/usr/local/games:/snap/bin:/home/sherman/win-dev-share/maven//bin
SHELL=/bin/bash
DISPLAY=:0

Signal Handlers:
SIGSEGV: [libjvm.so+0xd4d370], sa_mask[0]=11111111011111111101111111111110, sa_flags=SA_RESTART|SA_SIGINFO
SIGBUS: [libjvm.so+0xd4d370], sa_mask[0]=11111111011111111101111111111110, sa_flags=SA_RESTART|SA_SIGINFO
SIGFPE: [libjvm.so+0xd4d370], sa_mask[0]=11111111011111111101111111111110, sa_flags=SA_RESTART|SA_SIGINFO
SIGPIPE: SIG_IGN, sa_mask[0]=00000000000010000000000000000000, sa_flags=SA_RESTART
SIGXFSZ: [libjvm.so+0xb64780], sa_mask[0]=11111111011111111101111111111110, sa_flags=SA_RESTART|SA_SIGINFO
SIGILL: [libjvm.so+0xd4d370], sa_mask[0]=11111111011111111101111111111110, sa_flags=SA_RESTART|SA_SIGINFO
SIGUSR2: [libjvm.so+0xb64640], sa_mask[0]=00000000000000000000000000000000, sa_flags=SA_RESTART|SA_SIGINFO
SIGHUP: [libjvm.so+0xb64850], sa_mask[0]=11111111011111111101111111111110, sa_flags=SA_RESTART|SA_SIGINFO
SIGINT: [libjvm.so+0xb64850], sa_mask[0]=11111111011111111101111111111110, sa_flags=SA_RESTART|SA_SIGINFO
SIGTERM: [libjvm.so+0xb64850], sa_mask[0]=11111111011111111101111111111110, sa_flags=SA_RESTART|SA_SIGINFO
SIGQUIT: [libjvm.so+0xb64850], sa_mask[0]=11111111011111111101111111111110, sa_flags=SA_RESTART|SA_SIGINFO


---------------  S Y S T E M  ---------------

OS:DISTRIB_ID=Ubuntu
DISTRIB_RELEASE=16.04
DISTRIB_CODENAME=xenial
DISTRIB_DESCRIPTION="Ubuntu 16.04.4 LTS"
uname:Linux 4.13.0-36-generic #40~16.04.1-Ubuntu SMP Fri Feb 16 23:25:58 UTC 2018 x86_64
libc:glibc 2.23 NPTL 2.23 
rlimit: STACK 8192k, CORE 0k, NPROC 7768, NOFILE 1048576, AS infinity
load average:1,34 0,92 0,75

/proc/meminfo:
MemTotal:        2041568 kB
MemFree:           68612 kB
MemAvailable:     463432 kB
Buffers:           10852 kB
Cached:           518028 kB
SwapCached:          780 kB
Active:          1227284 kB
Inactive:         615108 kB
Active(anon):     931888 kB
Inactive(anon):   405220 kB
Active(file):     295396 kB
Inactive(file):   209888 kB
Unevictable:          48 kB
Mlocked:              48 kB
SwapTotal:       2095100 kB
SwapFree:        2058480 kB
Dirty:               916 kB
Writeback:             0 kB
AnonPages:       1312804 kB
Mapped:           235312 kB
Shmem:             23592 kB
Slab:              66672 kB
SReclaimable:      42244 kB
SUnreclaim:        24428 kB
KernelStack:        8032 kB
PageTables:        33756 kB
NFS_Unstable:          0 kB
Bounce:                0 kB
WritebackTmp:          0 kB
CommitLimit:     3115884 kB
Committed_AS:    5231032 kB
VmallocTotal:   34359738367 kB
VmallocUsed:           0 kB
VmallocChunk:          0 kB
HardwareCorrupted:     0 kB
AnonHugePages:         0 kB
ShmemHugePages:        0 kB
ShmemPmdMapped:        0 kB
CmaTotal:              0 kB
CmaFree:               0 kB
HugePages_Total:       0
HugePages_Free:        0
HugePages_Rsvd:        0
HugePages_Surp:        0
Hugepagesize:       2048 kB
DirectMap4k:       79808 kB
DirectMap2M:     2017280 kB


CPU:total 1 (initial active 1) (1 cores per cpu, 1 threads per core) family 6 model 60 stepping 3, cmov, cx8, fxsr, mmx, sse, sse2, sse3, ssse3, sse4.1, sse4.2, popcnt, avx, avx2, aes, clmul, lzcnt, tsc, tscinvbit
CPU Model and flags from /proc/cpuinfo:
model name	: Intel(R) Core(TM) i7-4790K CPU @ 4.00GHz
flags		: fpu vme de pse tsc msr pae mce cx8 apic sep mtrr pge mca cmov pat pse36 clflush mmx fxsr sse sse2 syscall nx rdtscp lm constant_tsc rep_good nopl xtopology nonstop_tsc cpuid pni pclmulqdq monitor ssse3 cx16 pcid sse4_1 sse4_2 x2apic movbe popcnt aes xsave avx rdrand hypervisor lahf_lm abm invpcid_single pti retpoline fsgsbase avx2 invpcid

Memory: 4k page, physical 2041568k(68612k free), swap 2095100k(2058480k free)

vm_info: Java HotSpot(TM) 64-Bit Server VM (9.0.4+11) for linux-amd64 JRE (9.0.4+11), built on Dec 19 2017 18:12:19 by "mach5one" with gcc 4.9.2

END.
